<?xml version='1.0' encoding='UTF-8'?>
<testsuite hostname="DaniyalAslam" name="lab2.EncoderTest" tests="1" errors="0" failures="0" skipped="0" time="2.668" timestamp="2021-11-11T19:46:42">
                     <properties>
      <property name="java.specification.version" value="17"/><property name="sun.cpu.isalist" value="amd64"/><property name="sun.jnu.encoding" value="Cp1252"/><property name="sun.arch.data.model" value="64"/><property name="com.ibm.vm.bitmode" value="64"/><property name="java.vendor.url" value="https://java.oracle.com/"/><property name="sun.boot.library.path" value="C:\Program Files\Java\jdk-17.0.1\bin"/><property name="sun.java.command" value="xsbt.boot.Boot"/><property name="jdk.debug" value="release"/><property name="sun.stderr.encoding" value="cp850"/><property name="java.specification.vendor" value="Oracle Corporation"/><property name="java.version.date" value="2021-10-19"/><property name="java.home" value="C:\Program Files\Java\jdk-17.0.1"/><property name="file.separator" value="\"/><property name="java.vm.compressedOopsMode" value="32-bit"/><property name="line.separator" value="
"/><property name="sun.stdout.encoding" value="cp850"/><property name="java.vm.specification.vendor" value="Oracle Corporation"/><property name="java.specification.name" value="Java Platform API Specification"/><property name="user.script" value=""/><property name="sun.management.compiler" value="HotSpot 64-Bit Tiered Compilers"/><property name="java.runtime.version" value="17.0.1+12-LTS-39"/><property name="user.name" value="daniy"/><property name="log4j.ignoreTCL" value="true"/><property name="file.encoding" value="UTF-8"/><property name="jnidispatch.path" value="C:\Users\daniy\AppData\Local\Temp\jna-95350913\jna15879981964632282627.dll"/><property name="jna.loaded" value="true"/><property name="java.io.tmpdir" value="C:\Users\daniy\AppData\Local\Temp\"/><property name="java.version" value="17.0.1"/><property name="java.vm.specification.name" value="Java Virtual Machine Specification"/><property name="sun.os.patch.level" value=""/><property name="native.encoding" value="Cp1252"/><property name="java.library.path" value="C:\Program Files\Java\jdk-17.0.1\bin;C:\Windows\Sun\Java\bin;C:\Windows\system32;C:\Windows;C:\Program Files\Java\jdk-17.0.1\bin;C:\Program Files\Common Files\Oracle\Java\javapath;C:\Program Files (x86)\Common Files\Oracle\Java\javapath;C:\Windows\system32;C:\Windows;C:\Windows\System32\Wbem;C:\Windows\System32\WindowsPowerShell\v1.0\;C:\Windows\System32\OpenSSH\;C:\Users\daniy\AppData\Local\Programs\Python\Python310\Scripts\;C:\Program Files\nodejs\;C:\Program Files\Java\jdk-17.0.1\bin;C:\Program Files (x86)\Java\jre1.8.0_311\bin;C:\Program Files (x86)\sbt\bin;C:\Users\daniy\Downloads\gtkwave-3.3.100-bin-win32\gtkwave\bin;C:\Program Files\Git\cmd;C:\Users\daniy\AppData\Local\Programs\Python\Python310\Scripts\;C:\Users\daniy\AppData\Local\Programs\Python\Python310\;C:\Users\daniy\AppData\Local\Microsoft\WindowsApps;C:\Users\daniy\AppData\Local\Programs\Microsoft VS Code\bin;C:\Users\daniy\AppData\Roaming\npm;."/><property name="java.vendor" value="Oracle Corporation"/><property name="scala.ext.dirs" value="C:\Users\daniy\.sbt\1.0\java9-rt-ext-oracle_corporation_17_0_1"/><property name="sun.io.unicode.encoding" value="UnicodeLittle"/><property name="java.class.path" value="C:\Program Files (x86)\sbt\\bin\sbt-launch.jar"/><property name="java.vm.vendor" value="Oracle Corporation"/><property name="user.variant" value=""/><property name="jline.shutdownhook" value="false"/><property name="user.timezone" value="Asia/Karachi"/><property name="java.vm.specification.version" value="17"/><property name="os.name" value="Windows 10"/><property name="sun.java.launcher" value="SUN_STANDARD"/><property name="user.country" value="US"/><property name="sun.cpu.endian" value="little"/><property name="user.home" value="C:\Users\daniy"/><property name="user.language" value="en"/><property name="swoval.tmpdir" value="C:\Users\daniy\.sbt\1.0"/><property name="jline.esc.timeout" value="0"/><property name="path.separator" value=";"/><property name="os.version" value="10.0"/><property name="jna.nosys" value="true"/><property name="java.runtime.name" value="Java(TM) SE Runtime Environment"/><property name="java.vm.name" value="Java HotSpot(TM) 64-Bit Server VM"/><property name="java.vendor.url.bug" value="https://bugreport.java.com/bugreport/"/><property name="user.dir" value="C:\Users\daniy\Downloads\Scala-Chisel-Learning-Journey-main00\Scala-Chisel-Learning-Journey-main"/><property name="os.arch" value="amd64"/><property name="java.vm.info" value="mixed mode, sharing"/><property name="java.vm.version" value="17.0.1+12-LTS-39"/><property name="java.class.version" value="61.0"/>
    </properties>
                     <testcase classname="lab2.EncoderTest" name="Encoder" time="2.668">
                                                 
                                               </testcase>
                     <system-out><![CDATA[]]></system-out>
                     <system-err><![CDATA[]]></system-err>
                   </testsuite>